<?xml version="1.0" encoding="UTF-8"?>
<testng-results skipped="0" failed="0" ignored="0" total="1" passed="1">
  <reporter-output>
  </reporter-output>
  <suite name="Suite" duration-ms="33935" started-at="2021-04-30T01:06:22Z" finished-at="2021-04-30T01:06:56Z">
    <groups>
    </groups>
    <test name="Test" duration-ms="33935" started-at="2021-04-30T01:06:22Z" finished-at="2021-04-30T01:06:56Z">
      <class name="testcases.IncidentVerified">
        <test-method status="PASS" signature="launchBrowser()[pri:0, instance:testcases.IncidentVerified@7f9a81e8]" name="launchBrowser" is-config="true" duration-ms="17959" started-at="2021-04-30T01:06:22Z" finished-at="2021-04-30T01:06:40Z">
          <reporter-output>
          </reporter-output>
        </test-method> <!-- launchBrowser -->
        <test-method status="PASS" signature="grclogin()[pri:1, instance:testcases.IncidentVerified@7f9a81e8]" name="grclogin" duration-ms="15958" started-at="2021-04-30T01:06:40Z" finished-at="2021-04-30T01:06:56Z">
          <reporter-output>
          </reporter-output>
        </test-method> <!-- grclogin -->
      </class> <!-- testcases.IncidentVerified -->
    </test> <!-- Test -->
  </suite> <!-- Suite -->
</testng-results>
